[Wed Mar 10 12:57:07 MST 2021] - INFO passoff.ServerTest: 	Setting up Clear Test...
[Wed Mar 10 12:57:08 MST 2021] - INFO client.Proxy: 	Clear called
[Wed Mar 10 12:57:08 MST 2021] - INFO client.Client: 	Post without Request Body called
[Wed Mar 10 12:57:08 MST 2021] - INFO client.Client: 	Attempting to open connection to server
[Wed Mar 10 12:57:08 MST 2021] - INFO client.Client: 	Connection opened to server
[Wed Mar 10 12:57:08 MST 2021] - INFO client.Client: 	Setting passoffrequest method to POST
[Wed Mar 10 12:57:08 MST 2021] - INFO client.Client: 	Request method set to POST
[Wed Mar 10 12:57:08 MST 2021] - INFO client.Client: 	Setting Do Output to true
[Wed Mar 10 12:57:08 MST 2021] - INFO client.Client: 	Do Output set to true
[Wed Mar 10 12:57:08 MST 2021] - INFO client.Client: 	Connecting to server
[Wed Mar 10 12:57:08 MST 2021] - INFO client.Client: 	Connected to server
[Wed Mar 10 12:57:08 MST 2021] - INFO client.Client: 	Getting response code from server
[Wed Mar 10 12:57:08 MST 2021] - INFO client.Client: 	Response code 200 returned
[Wed Mar 10 12:57:08 MST 2021] - INFO client.Client: 	Getting input stream from server
[Wed Mar 10 12:57:08 MST 2021] - INFO client.Client: 	Reading input stream into a string
[Wed Mar 10 12:57:08 MST 2021] - INFO passoff.ServerTest: 	Running Clear Test...
[Wed Mar 10 12:57:08 MST 2021] - INFO client.Proxy: 	Load called
[Wed Mar 10 12:57:08 MST 2021] - INFO client.Client: 	Post with Request Body called
[Wed Mar 10 12:57:08 MST 2021] - INFO client.Client: 	Attempting to open connection to server
[Wed Mar 10 12:57:08 MST 2021] - INFO client.Client: 	Connection opened to server
[Wed Mar 10 12:57:08 MST 2021] - INFO client.Client: 	Setting passoffrequest method to POST
[Wed Mar 10 12:57:08 MST 2021] - INFO client.Client: 	Request method set to POST
[Wed Mar 10 12:57:08 MST 2021] - INFO client.Client: 	Setting Do Output to true
[Wed Mar 10 12:57:08 MST 2021] - INFO client.Client: 	Do Output set to true
[Wed Mar 10 12:57:08 MST 2021] - INFO client.Client: 	Connecting to server
[Wed Mar 10 12:57:08 MST 2021] - INFO client.Client: 	Connected to server
[Wed Mar 10 12:57:08 MST 2021] - INFO client.Client: 	Opening output stream to server
[Wed Mar 10 12:57:08 MST 2021] - INFO client.Client: 	Writing passoffrequest to server output stream
[Wed Mar 10 12:57:08 MST 2021] - INFO client.Client: 	Request written to server output stream
[Wed Mar 10 12:57:08 MST 2021] - INFO client.Client: 	Closing output stream to server
[Wed Mar 10 12:57:08 MST 2021] - INFO client.Client: 	Output stream to server closed
[Wed Mar 10 12:57:08 MST 2021] - INFO client.Client: 	Getting response code from server
[Wed Mar 10 12:57:08 MST 2021] - INFO client.Client: 	Response code 400 returned
[Wed Mar 10 12:57:08 MST 2021] - INFO client.Client: 	Getting input stream from server
[Wed Mar 10 12:57:08 MST 2021] - INFO client.Client: 	Reading input stream into a string
[Wed Mar 10 12:57:08 MST 2021] - INFO client.Proxy: 	Login called
[Wed Mar 10 12:57:08 MST 2021] - INFO client.Client: 	Post with Request Body called
[Wed Mar 10 12:57:08 MST 2021] - INFO client.Client: 	Attempting to open connection to server
[Wed Mar 10 12:57:08 MST 2021] - INFO client.Client: 	Connection opened to server
[Wed Mar 10 12:57:08 MST 2021] - INFO client.Client: 	Setting passoffrequest method to POST
[Wed Mar 10 12:57:08 MST 2021] - INFO client.Client: 	Request method set to POST
[Wed Mar 10 12:57:08 MST 2021] - INFO client.Client: 	Setting Do Output to true
[Wed Mar 10 12:57:08 MST 2021] - INFO client.Client: 	Do Output set to true
[Wed Mar 10 12:57:08 MST 2021] - INFO client.Client: 	Connecting to server
[Wed Mar 10 12:57:08 MST 2021] - INFO client.Client: 	Connected to server
[Wed Mar 10 12:57:08 MST 2021] - INFO client.Client: 	Opening output stream to server
[Wed Mar 10 12:57:08 MST 2021] - INFO client.Client: 	Writing passoffrequest to server output stream
[Wed Mar 10 12:57:08 MST 2021] - INFO client.Client: 	Request written to server output stream
[Wed Mar 10 12:57:08 MST 2021] - INFO client.Client: 	Closing output stream to server
[Wed Mar 10 12:57:08 MST 2021] - INFO client.Client: 	Output stream to server closed
[Wed Mar 10 12:57:08 MST 2021] - INFO client.Client: 	Getting response code from server
[Wed Mar 10 12:57:08 MST 2021] - INFO client.Client: 	Response code 400 returned
[Wed Mar 10 12:57:08 MST 2021] - INFO client.Client: 	Getting input stream from server
[Wed Mar 10 12:57:08 MST 2021] - INFO client.Client: 	Reading input stream into a string
[Wed Mar 10 12:57:08 MST 2021] - INFO client.Proxy: 	Clear called
[Wed Mar 10 12:57:08 MST 2021] - INFO client.Client: 	Post without Request Body called
[Wed Mar 10 12:57:08 MST 2021] - INFO client.Client: 	Attempting to open connection to server
[Wed Mar 10 12:57:08 MST 2021] - INFO client.Client: 	Connection opened to server
[Wed Mar 10 12:57:08 MST 2021] - INFO client.Client: 	Setting passoffrequest method to POST
[Wed Mar 10 12:57:08 MST 2021] - INFO client.Client: 	Request method set to POST
[Wed Mar 10 12:57:08 MST 2021] - INFO client.Client: 	Setting Do Output to true
[Wed Mar 10 12:57:08 MST 2021] - INFO client.Client: 	Do Output set to true
[Wed Mar 10 12:57:08 MST 2021] - INFO client.Client: 	Connecting to server
[Wed Mar 10 12:57:08 MST 2021] - INFO client.Client: 	Connected to server
[Wed Mar 10 12:57:08 MST 2021] - INFO client.Client: 	Getting response code from server
[Wed Mar 10 12:57:08 MST 2021] - INFO client.Client: 	Response code 200 returned
[Wed Mar 10 12:57:08 MST 2021] - INFO client.Client: 	Getting input stream from server
[Wed Mar 10 12:57:08 MST 2021] - INFO client.Client: 	Reading input stream into a string
[Wed Mar 10 12:57:08 MST 2021] - INFO client.Proxy: 	Login called
[Wed Mar 10 12:57:08 MST 2021] - INFO client.Client: 	Post with Request Body called
[Wed Mar 10 12:57:08 MST 2021] - INFO client.Client: 	Attempting to open connection to server
[Wed Mar 10 12:57:08 MST 2021] - INFO client.Client: 	Connection opened to server
[Wed Mar 10 12:57:08 MST 2021] - INFO client.Client: 	Setting passoffrequest method to POST
[Wed Mar 10 12:57:08 MST 2021] - INFO client.Client: 	Request method set to POST
[Wed Mar 10 12:57:08 MST 2021] - INFO client.Client: 	Setting Do Output to true
[Wed Mar 10 12:57:08 MST 2021] - INFO client.Client: 	Do Output set to true
[Wed Mar 10 12:57:08 MST 2021] - INFO client.Client: 	Connecting to server
[Wed Mar 10 12:57:08 MST 2021] - INFO client.Client: 	Connected to server
[Wed Mar 10 12:57:08 MST 2021] - INFO client.Client: 	Opening output stream to server
[Wed Mar 10 12:57:08 MST 2021] - INFO client.Client: 	Writing passoffrequest to server output stream
[Wed Mar 10 12:57:08 MST 2021] - INFO client.Client: 	Request written to server output stream
[Wed Mar 10 12:57:08 MST 2021] - INFO client.Client: 	Closing output stream to server
[Wed Mar 10 12:57:08 MST 2021] - INFO client.Client: 	Output stream to server closed
[Wed Mar 10 12:57:08 MST 2021] - INFO client.Client: 	Getting response code from server
[Wed Mar 10 12:57:08 MST 2021] - INFO client.Client: 	Response code 400 returned
[Wed Mar 10 12:57:08 MST 2021] - INFO client.Client: 	Getting input stream from server
[Wed Mar 10 12:57:08 MST 2021] - INFO client.Client: 	Reading input stream into a string
[Wed Mar 10 12:57:08 MST 2021] - INFO client.Proxy: 	Login called
[Wed Mar 10 12:57:08 MST 2021] - INFO client.Client: 	Post with Request Body called
[Wed Mar 10 12:57:08 MST 2021] - INFO client.Client: 	Attempting to open connection to server
[Wed Mar 10 12:57:08 MST 2021] - INFO client.Client: 	Connection opened to server
[Wed Mar 10 12:57:08 MST 2021] - INFO client.Client: 	Setting passoffrequest method to POST
[Wed Mar 10 12:57:08 MST 2021] - INFO client.Client: 	Request method set to POST
[Wed Mar 10 12:57:08 MST 2021] - INFO client.Client: 	Setting Do Output to true
[Wed Mar 10 12:57:08 MST 2021] - INFO client.Client: 	Do Output set to true
[Wed Mar 10 12:57:08 MST 2021] - INFO client.Client: 	Connecting to server
[Wed Mar 10 12:57:08 MST 2021] - INFO client.Client: 	Connected to server
[Wed Mar 10 12:57:08 MST 2021] - INFO client.Client: 	Opening output stream to server
[Wed Mar 10 12:57:08 MST 2021] - INFO client.Client: 	Writing passoffrequest to server output stream
[Wed Mar 10 12:57:08 MST 2021] - INFO client.Client: 	Request written to server output stream
[Wed Mar 10 12:57:08 MST 2021] - INFO client.Client: 	Closing output stream to server
[Wed Mar 10 12:57:08 MST 2021] - INFO client.Client: 	Output stream to server closed
[Wed Mar 10 12:57:08 MST 2021] - INFO client.Client: 	Getting response code from server
[Wed Mar 10 12:57:08 MST 2021] - INFO client.Client: 	Response code 400 returned
[Wed Mar 10 12:57:08 MST 2021] - INFO client.Client: 	Getting input stream from server
[Wed Mar 10 12:57:08 MST 2021] - INFO client.Client: 	Reading input stream into a string
[Wed Mar 10 12:57:08 MST 2021] - INFO client.Proxy: 	Persons called
[Wed Mar 10 12:57:08 MST 2021] - INFO client.Client: 	Get with Auth Token called
[Wed Mar 10 12:57:08 MST 2021] - INFO client.Client: 	Attempting to open connection to server
[Wed Mar 10 12:57:08 MST 2021] - INFO client.Client: 	Connection opened to server
[Wed Mar 10 12:57:08 MST 2021] - INFO client.Client: 	Setting passoffrequest method to GET
[Wed Mar 10 12:57:08 MST 2021] - INFO client.Client: 	Request method set to GET
[Wed Mar 10 12:57:08 MST 2021] - INFO client.Client: 	Setting Do Output to false
[Wed Mar 10 12:57:08 MST 2021] - INFO client.Client: 	Do Output set to false
[Wed Mar 10 12:57:08 MST 2021] - INFO client.Client: 	Adding Auth token null
[Wed Mar 10 12:57:08 MST 2021] - INFO client.Client: 	Auth token set to null
[Wed Mar 10 12:57:08 MST 2021] - INFO client.Client: 	Connecting to server
[Wed Mar 10 12:57:08 MST 2021] - INFO client.Client: 	Connected to server
[Wed Mar 10 12:57:08 MST 2021] - INFO client.Client: 	Getting response code from server
[Wed Mar 10 12:57:08 MST 2021] - INFO client.Client: 	Response code 400 returned
[Wed Mar 10 12:57:08 MST 2021] - INFO client.Client: 	Getting input stream from server
[Wed Mar 10 12:57:08 MST 2021] - INFO client.Client: 	Reading input stream into a string
[Wed Mar 10 12:57:08 MST 2021] - INFO client.Proxy: 	Events called
[Wed Mar 10 12:57:08 MST 2021] - INFO client.Client: 	Get with Auth Token called
[Wed Mar 10 12:57:08 MST 2021] - INFO client.Client: 	Attempting to open connection to server
[Wed Mar 10 12:57:08 MST 2021] - INFO client.Client: 	Connection opened to server
[Wed Mar 10 12:57:08 MST 2021] - INFO client.Client: 	Setting passoffrequest method to GET
[Wed Mar 10 12:57:08 MST 2021] - INFO client.Client: 	Request method set to GET
[Wed Mar 10 12:57:08 MST 2021] - INFO client.Client: 	Setting Do Output to false
[Wed Mar 10 12:57:08 MST 2021] - INFO client.Client: 	Do Output set to false
[Wed Mar 10 12:57:08 MST 2021] - INFO client.Client: 	Adding Auth token null
[Wed Mar 10 12:57:08 MST 2021] - INFO client.Client: 	Auth token set to null
[Wed Mar 10 12:57:08 MST 2021] - INFO client.Client: 	Connecting to server
[Wed Mar 10 12:57:08 MST 2021] - INFO client.Client: 	Connected to server
[Wed Mar 10 12:57:08 MST 2021] - INFO client.Client: 	Getting response code from server
[Wed Mar 10 12:57:08 MST 2021] - INFO client.Client: 	Response code 400 returned
[Wed Mar 10 12:57:08 MST 2021] - INFO client.Client: 	Getting input stream from server
[Wed Mar 10 12:57:08 MST 2021] - INFO client.Client: 	Reading input stream into a string
